16:39:13: Creating resource group General
16:39:13: Creating resource group Internal
16:39:13: Creating resource group Autodetect
16:39:13: SceneManagerFactory for type 'DefaultSceneManager' registered.
16:39:13: Registering ResourceManager for type Material
16:39:13: Registering ResourceManager for type Mesh
16:39:13: Registering ResourceManager for type Skeleton
16:39:13: MovableObjectFactory for type 'ParticleSystem' registered.
16:39:13: OverlayElementFactory for type Panel registered.
16:39:13: OverlayElementFactory for type BorderPanel registered.
16:39:13: OverlayElementFactory for type TextArea registered.
16:39:13: Registering ResourceManager for type Font
16:39:13: ArchiveFactory for archive type FileSystem registered.
16:39:13: ArchiveFactory for archive type Zip registered.
16:39:13: ArchiveFactory for archive type EmbeddedZip registered.
16:39:13: DDS codec registering
16:39:13: FreeImage version: 3.13.1
16:39:13: This program uses FreeImage, a free, open source image library supporting all common bitmap formats. See http://freeimage.sourceforge.net for details
16:39:13: Supported formats: bmp,ico,jpg,jif,jpeg,jpe,jng,koa,iff,lbm,mng,pbm,pbm,pcd,pcx,pgm,pgm,png,ppm,ppm,ras,tga,targa,tif,tiff,wap,wbmp,wbm,psd,cut,xbm,xpm,gif,hdr,g3,sgi,exr,j2k,j2c,jp2,pfm,pct,pict,pic,bay,bmq,cr2,crw,cs1,dc2,dcr,dng,erf,fff,hdr,k25,kdc,mdc,mos,mrw,nef,orf,pef,pxn,raf,raw,rdc,sr2,srf,arw,3fr,cine,ia,kc2,mef,nrw,qtk,rw2,sti,drf,dsc,ptx,cap,iiq,rwz
16:39:13: Registering ResourceManager for type HighLevelGpuProgram
16:39:13: Registering ResourceManager for type Compositor
16:39:13: MovableObjectFactory for type 'Entity' registered.
16:39:13: MovableObjectFactory for type 'Light' registered.
16:39:13: MovableObjectFactory for type 'BillboardSet' registered.
16:39:13: MovableObjectFactory for type 'ManualObject' registered.
16:39:13: MovableObjectFactory for type 'BillboardChain' registered.
16:39:13: MovableObjectFactory for type 'RibbonTrail' registered.
16:39:13: *-*-* OGRE Initialising
16:39:13: *-*-* Version 1.8.0 (Byatis)
16:39:13: Added resource location './assets/' of type 'FileSystem' to resource group 'General'
16:39:13: Added resource location 'C:\Users\rowanh\AppData\Local\AiGameDev.com\The AI Sandbox\CaptureTheFlag-sdk\assets/' of type 'FileSystem' to resource group 'General'
16:39:13: Added resource location 'C:\Users\rowanh\AppData\Local\AiGameDev.com\The AI Sandbox\CaptureTheFlag-sdk\assets/common.pak' of type 'Zip' to resource group 'General'
16:39:13: Parsing scripts for resource group Autodetect
16:39:13: Finished parsing scripts for resource group Autodetect
16:39:13: Creating resources for group Autodetect
16:39:13: All done
16:39:13: Parsing scripts for resource group General
16:39:13: Parsing script console.fontdef
16:39:13: Finished parsing scripts for resource group General
16:39:13: Creating resources for group General
16:39:13: All done
16:39:13: Parsing scripts for resource group Internal
16:39:13: Finished parsing scripts for resource group Internal
16:39:13: Creating resources for group Internal
16:39:13: All done
16:39:13: Loading library RenderSystem_GL
16:39:13: Installing plugin: GL RenderSystem
16:39:13: OpenGL Rendering Subsystem created.
16:39:13: Plugin successfully installed
16:39:13: Loading library RenderSystem_Direct3D9
16:39:13: OGRE EXCEPTION(7:InternalErrorException): Could not load dynamic library RenderSystem_Direct3D9.  System Error: The specified module could not be found.
 in DynLib::load at C:\Users\alexjc\Development\ogre_src_v1-8-0\OgreMain\src\OgreDynLib.cpp (line 91)
16:39:13: Loading library Plugin_ParticleFX
16:39:13: Installing plugin: ParticleFX
16:39:13: Particle Emitter Type 'Point' registered
16:39:13: Particle Emitter Type 'Box' registered
16:39:13: Particle Emitter Type 'Ellipsoid' registered
16:39:13: Particle Emitter Type 'Cylinder' registered
16:39:13: Particle Emitter Type 'Ring' registered
16:39:13: Particle Emitter Type 'HollowEllipsoid' registered
16:39:13: Particle Affector Type 'LinearForce' registered
16:39:13: Particle Affector Type 'ColourFader' registered
16:39:13: Particle Affector Type 'ColourFader2' registered
16:39:13: Particle Affector Type 'ColourImage' registered
16:39:13: Particle Affector Type 'ColourInterpolator' registered
16:39:13: Particle Affector Type 'Scaler' registered
16:39:13: Particle Affector Type 'Rotator' registered
16:39:13: Particle Affector Type 'DirectionRandomiser' registered
16:39:13: Particle Affector Type 'DeflectorPlane' registered
16:39:13: Plugin successfully installed
16:39:13: CPU Identifier & Features
16:39:13: -------------------------
16:39:13:  *   CPU ID: GenuineIntel: Intel(R) Core(TM) i7-3770 CPU @ 3.40GHz
16:39:13:  *      SSE: yes
16:39:13:  *     SSE2: yes
16:39:13:  *     SSE3: yes
16:39:13:  *      MMX: yes
16:39:13:  *   MMXEXT: yes
16:39:13:  *    3DNOW: no
16:39:13:  * 3DNOWEXT: no
16:39:13:  *     CMOV: yes
16:39:13:  *      TSC: yes
16:39:13:  *      FPU: yes
16:39:13:  *      PRO: yes
16:39:13:  *       HT: no
16:39:13: -------------------------
16:39:13: *** Starting Win32GL Subsystem ***
16:39:13: Registering ResourceManager for type Texture
16:39:13: GLRenderSystem::_createRenderWindow "The AI Sandbox", 1280x720 windowed  miscParams: FSAA=0 colourDepth=32 resolution=1280x720 @ 32-bit colour vsync=true 
16:39:13: Created Win32Window 'The AI Sandbox' : 1080x758, 32bpp
16:39:13: GL_VERSION = 4.2.11320 Compatibility Profile Context
16:39:13: GL_VENDOR = ATI Technologies Inc.
16:39:13: GL_RENDERER = AMD Radeon HD 7470
16:39:13: GL_EXTENSIONS = GL_AMDX_debug_output GL_AMDX_vertex_shader_tessellator GL_AMD_conservative_depth GL_AMD_debug_output GL_AMD_depth_clamp_separate GL_AMD_draw_buffers_blend GL_AMD_multi_draw_indirect GL_AMD_name_gen_delete GL_AMD_performance_monitor GL_AMD_pinned_memory GL_AMD_sample_positions GL_AMD_seamless_cubemap_per_texture GL_AMD_shader_stencil_export GL_AMD_shader_trace GL_AMD_texture_cube_map_array GL_AMD_texture_texture4 GL_AMD_transform_feedback3_lines_triangles GL_AMD_vertex_shader_tessellator GL_ARB_ES2_compatibility GL_ARB_base_instance GL_ARB_blend_func_extended GL_ARB_color_buffer_float GL_ARB_compressed_texture_pixel_storage GL_ARB_conservative_depth GL_ARB_copy_buffer GL_ARB_depth_buffer_float GL_ARB_depth_clamp GL_ARB_depth_texture GL_ARB_draw_buffers GL_ARB_draw_buffers_blend GL_ARB_draw_elements_base_vertex GL_ARB_draw_indirect GL_ARB_draw_instanced GL_ARB_explicit_attrib_location GL_ARB_fragment_coord_conventions GL_ARB_fragment_program GL_ARB_fragment_program_shadow GL_ARB_fragment_shader GL_ARB_framebuffer_object GL_ARB_framebuffer_sRGB GL_ARB_geometry_shader4 GL_ARB_get_program_binary GL_ARB_gpu_shader5 GL_ARB_gpu_shader_fp64 GL_ARB_half_float_pixel GL_ARB_half_float_vertex GL_ARB_imaging GL_ARB_instanced_arrays GL_ARB_internalformat_query GL_ARB_map_buffer_alignment GL_ARB_map_buffer_range GL_ARB_multisample GL_ARB_multitexture GL_ARB_occlusion_query GL_ARB_occlusion_query2 GL_ARB_pixel_buffer_object GL_ARB_point_parameters GL_ARB_point_sprite GL_ARB_provoking_vertex GL_ARB_sample_shading GL_ARB_sampler_objects GL_ARB_seamless_cube_map GL_ARB_separate_shader_objects GL_ARB_shader_atomic_counters GL_ARB_shader_bit_encoding GL_ARB_shader_image_load_store GL_ARB_shader_objects GL_ARB_shader_precision GL_ARB_shader_stencil_export GL_ARB_shader_subroutine GL_ARB_shader_texture_lod GL_ARB_shading_language_100 GL_ARB_shading_language_420pack GL_ARB_shading_language_packing GL_ARB_shadow GL_ARB_shadow_ambient GL_ARB_sync GL_ARB_tessellation_shader GL_ARB_texture_border_clamp GL_ARB_texture_buffer_object GL_ARB_texture_buffer_object_rgb32 GL_ARB_texture_compression GL_ARB_texture_compression_bptc GL_ARB_texture_compression_rgtc GL_ARB_texture_cube_map GL_ARB_texture_cube_map_array GL_ARB_texture_env_add GL_ARB_texture_env_combine GL_ARB_texture_env_crossbar GL_ARB_texture_env_dot3 GL_ARB_texture_float GL_ARB_texture_gather GL_ARB_texture_mirrored_repeat GL_ARB_texture_multisample GL_ARB_texture_non_power_of_two GL_ARB_texture_query_lod GL_ARB_texture_rectangle GL_ARB_texture_rg GL_ARB_texture_rgb10_a2ui GL_ARB_texture_snorm GL_ARB_texture_storage GL_ARB_timer_query GL_ARB_transform_feedback2 GL_ARB_transform_feedback3 GL_ARB_transform_feedback_instanced GL_ARB_transpose_matrix GL_ARB_uniform_buffer_object GL_ARB_vertex_array_bgra GL_ARB_vertex_array_object GL_ARB_vertex_attrib_64bit GL_ARB_vertex_buffer_object GL_ARB_vertex_program GL_ARB_vertex_shader GL_ARB_vertex_type_2_10_10_10_rev GL_ARB_viewport_array GL_ARB_window_pos GL_ATI_draw_buffers GL_ATI_envmap_bumpmap GL_ATI_fragment_shader GL_ATI_meminfo GL_ATI_separate_stencil GL_ATI_texture_compression_3dc GL_ATI_texture_env_combine3 GL_ATI_texture_float GL_ATI_texture_mirror_once GL_EXT_abgr GL_EXT_bgra GL_EXT_bindable_uniform GL_EXT_blend_color GL_EXT_blend_equation_separate GL_EXT_blend_func_separate GL_EXT_blend_minmax GL_EXT_blend_subtract GL_EXT_compiled_vertex_array GL_EXT_copy_buffer GL_EXT_copy_texture GL_EXT_direct_state_access GL_EXT_draw_buffers2 GL_EXT_draw_instanced GL_EXT_draw_range_elements GL_EXT_fog_coord GL_EXT_framebuffer_blit GL_EXT_framebuffer_multisample GL_EXT_framebuffer_object GL_EXT_framebuffer_sRGB GL_EXT_geometry_shader4 GL_EXT_gpu_program_parameters GL_EXT_gpu_shader4 GL_EXT_histogram GL_EXT_multi_draw_arrays GL_EXT_packed_depth_stencil GL_EXT_packed_float GL_EXT_packed_pixels GL_EXT_pixel_buffer_object GL_EXT_point_parameters GL_EXT_provoking_vertex GL_EXT_rescale_normal GL_EXT_secondary_color GL_EXT_separate_specular_color GL_EXT_shader_image_load_store GL_EXT_shadow_funcs GL_EXT_stencil_wrap GL_EXT_subtexture GL_EXT_texgen_reflection GL_EXT_texture3D GL_EXT_texture_array GL_EXT_texture_buffer_object GL_EXT_texture_compression_bptc GL_EXT_texture_compression_latc GL_EXT_texture_compression_rgtc GL_EXT_texture_compression_s3tc GL_EXT_texture_cube_map GL_EXT_texture_edge_clamp GL_EXT_texture_env_add GL_EXT_texture_env_combine GL_EXT_texture_env_dot3 GL_EXT_texture_filter_anisotropic GL_EXT_texture_integer GL_EXT_texture_lod GL_EXT_texture_lod_bias GL_EXT_texture_mirror_clamp GL_EXT_texture_object GL_EXT_texture_rectangle GL_EXT_texture_sRGB GL_EXT_texture_shared_exponent GL_EXT_texture_snorm GL_EXT_texture_storage GL_EXT_texture_swizzle GL_EXT_timer_query GL_EXT_transform_feedback GL_EXT_vertex_array GL_EXT_vertex_array_bgra GL_EXT_vertex_attrib_64bit GL_IBM_texture_mirrored_repeat GL_KTX_buffer_region GL_NV_blend_square GL_NV_conditional_render GL_NV_copy_depth_to_color GL_NV_copy_image GL_NV_explicit_multisample GL_NV_float_buffer GL_NV_half_float GL_NV_primitive_restart GL_NV_texgen_reflection GL_NV_texture_barrier GL_SGIS_generate_mipmap GL_SGIS_texture_edge_clamp GL_SGIS_texture_lod GL_SUN_multi_draw_arrays GL_WIN_swap_hint WGL_EXT_swap_control
16:39:13: Supported WGL extensions: WGL_ARB_extensions_string WGL_ARB_pixel_format WGL_ATI_pixel_format_float WGL_ARB_pixel_format_float WGL_ARB_multisample WGL_EXT_swap_control WGL_EXT_swap_control_tear WGL_ARB_pbuffer WGL_ARB_render_texture WGL_ARB_make_current_read WGL_EXT_extensions_string WGL_ARB_buffer_region WGL_EXT_framebuffer_sRGB WGL_ATI_render_texture_rectangle WGL_EXT_pixel_format_packed_float WGL_I3D_genlock WGL_NV_swap_group WGL_ARB_create_context WGL_AMD_gpu_association WGL_AMDX_gpu_association WGL_ARB_create_context_profile WGL_NV_float_buffer
16:39:13: ***************************
16:39:13: *** GL Renderer Started ***
16:39:13: ***************************
16:39:13: Registering ResourceManager for type GpuProgram
16:39:13: GLSL support detected
16:39:13: GL: Using GL_EXT_framebuffer_object for rendering to textures (best)
16:39:13: FBO PF_UNKNOWN depth/stencil support: D0S1 D0S4 D0S8 D0S16 D16S0 D24S0 D32S0 Packed-D24S8 
16:39:13: FBO PF_L8 depth/stencil support: D0S0 D0S1 D0S4 D0S8 D0S16 D16S0 D24S0 D32S0 Packed-D24S8 
16:39:13: FBO PF_L16 depth/stencil support: D0S0 D0S1 D0S4 D0S8 D0S16 D16S0 D24S0 D32S0 Packed-D24S8 
16:39:13: FBO PF_A8 depth/stencil support: D0S0 D0S1 D0S4 D0S8 D0S16 D16S0 D24S0 D32S0 Packed-D24S8 
16:39:13: FBO PF_A4L4 depth/stencil support: D0S0 D0S1 D0S4 D0S8 D0S16 D16S0 D24S0 D32S0 Packed-D24S8 
16:39:13: FBO PF_BYTE_LA depth/stencil support: D0S0 D0S1 D0S4 D0S8 D0S16 D16S0 D24S0 D32S0 Packed-D24S8 
16:39:13: FBO PF_R5G6B5 depth/stencil support: D0S0 D0S1 D0S4 D0S8 D0S16 D16S0 D24S0 D32S0 Packed-D24S8 
16:39:13: FBO PF_B5G6R5 depth/stencil support: D0S0 D0S1 D0S4 D0S8 D0S16 D16S0 D24S0 D32S0 Packed-D24S8 
16:39:13: FBO PF_A4R4G4B4 depth/stencil support: D0S0 D0S1 D0S4 D0S8 D0S16 D16S0 D24S0 D32S0 Packed-D24S8 
16:39:13: FBO PF_A1R5G5B5 depth/stencil support: D0S0 D0S1 D0S4 D0S8 D0S16 D16S0 D24S0 D32S0 Packed-D24S8 
16:39:13: FBO PF_R8G8B8 depth/stencil support: D0S0 D0S1 D0S4 D0S8 D0S16 D16S0 D24S0 D32S0 Packed-D24S8 
16:39:13: FBO PF_B8G8R8 depth/stencil support: D0S0 D0S1 D0S4 D0S8 D0S16 D16S0 D24S0 D32S0 Packed-D24S8 
16:39:13: FBO PF_A8R8G8B8 depth/stencil support: D0S0 D0S1 D0S4 D0S8 D0S16 D16S0 D24S0 D32S0 Packed-D24S8 
16:39:13: FBO PF_B8G8R8A8 depth/stencil support: D0S0 D0S1 D0S4 D0S8 D0S16 D16S0 D24S0 D32S0 Packed-D24S8 
16:39:13: FBO PF_A2R10G10B10 depth/stencil support: D0S0 D0S1 D0S4 D0S8 D0S16 D16S0 D24S0 D32S0 Packed-D24S8 
16:39:13: FBO PF_A2B10G10R10 depth/stencil support: D0S0 D0S1 D0S4 D0S8 D0S16 D16S0 D24S0 D32S0 Packed-D24S8 
16:39:13: FBO PF_FLOAT16_RGB depth/stencil support: D0S0 D0S1 D0S4 D0S8 D0S16 D16S0 D24S0 D32S0 Packed-D24S8 
16:39:13: FBO PF_FLOAT16_RGBA depth/stencil support: D0S0 D0S1 D0S4 D0S8 D0S16 D16S0 D24S0 D32S0 Packed-D24S8 
16:39:13: FBO PF_FLOAT32_RGB depth/stencil support: D0S0 D0S1 D0S4 D0S8 D0S16 D16S0 D24S0 D32S0 Packed-D24S8 
16:39:13: FBO PF_FLOAT32_RGBA depth/stencil support: D0S0 D0S1 D0S4 D0S8 D0S16 D16S0 D24S0 D32S0 Packed-D24S8 
16:39:13: FBO PF_X8R8G8B8 depth/stencil support: D0S0 D0S1 D0S4 D0S8 D0S16 D16S0 D24S0 D32S0 Packed-D24S8 
16:39:13: FBO PF_X8B8G8R8 depth/stencil support: D0S0 D0S1 D0S4 D0S8 D0S16 D16S0 D24S0 D32S0 Packed-D24S8 
16:39:13: FBO PF_SHORT_RGBA depth/stencil support: D0S0 D0S1 D0S4 D0S8 D0S16 D16S0 D24S0 D32S0 Packed-D24S8 
16:39:13: FBO PF_R3G3B2 depth/stencil support: D0S0 D0S1 D0S4 D0S8 D0S16 D16S0 D24S0 D32S0 Packed-D24S8 
16:39:13: FBO PF_FLOAT16_R depth/stencil support: D0S0 D0S1 D0S4 D0S8 D0S16 D16S0 D24S0 D32S0 Packed-D24S8 
16:39:13: FBO PF_FLOAT32_R depth/stencil support: D0S0 D0S1 D0S4 D0S8 D0S16 D16S0 D24S0 D32S0 Packed-D24S8 
16:39:13: FBO PF_SHORT_GR depth/stencil support: D0S0 D0S1 D0S4 D0S8 D0S16 D16S0 D24S0 D32S0 Packed-D24S8 
16:39:13: FBO PF_FLOAT16_GR depth/stencil support: D0S0 D0S1 D0S4 D0S8 D0S16 D16S0 D24S0 D32S0 Packed-D24S8 
16:39:13: FBO PF_FLOAT32_GR depth/stencil support: D0S0 D0S1 D0S4 D0S8 D0S16 D16S0 D24S0 D32S0 Packed-D24S8 
16:39:13: FBO PF_SHORT_RGB depth/stencil support: D0S0 D0S1 D0S4 D0S8 D0S16 D16S0 D24S0 D32S0 Packed-D24S8 
16:39:13: [GL] : Valid FBO targets PF_UNKNOWN PF_L8 PF_L16 PF_A8 PF_A4L4 PF_BYTE_LA PF_R5G6B5 PF_B5G6R5 PF_A4R4G4B4 PF_A1R5G5B5 PF_R8G8B8 PF_B8G8R8 PF_A8R8G8B8 PF_B8G8R8A8 PF_A2R10G10B10 PF_A2B10G10R10 PF_FLOAT16_RGB PF_FLOAT16_RGBA PF_FLOAT32_RGB PF_FLOAT32_RGBA PF_X8R8G8B8 PF_X8B8G8R8 PF_SHORT_RGBA PF_R3G3B2 PF_FLOAT16_R PF_FLOAT32_R PF_SHORT_GR PF_FLOAT16_GR PF_FLOAT32_GR PF_SHORT_RGB 
16:39:13: RenderSystem capabilities
16:39:13: -------------------------
16:39:13: RenderSystem Name: OpenGL Rendering Subsystem
16:39:13: GPU Vendor: ati
16:39:13: Device Name: AMD Radeon HD 7470
16:39:13: Driver Version: 4.2.11320.0
16:39:13:  * Fixed function pipeline: yes
16:39:13:  * Hardware generation of mipmaps: yes
16:39:13:  * Texture blending: yes
16:39:13:  * Anisotropic texture filtering: yes
16:39:13:  * Dot product texture operation: yes
16:39:13:  * Cube mapping: yes
16:39:13:  * Hardware stencil buffer: yes
16:39:13:    - Stencil depth: 8
16:39:13:    - Two sided stencil support: yes
16:39:13:    - Wrap stencil values: yes
16:39:13:  * Hardware vertex / index buffers: yes
16:39:13:  * Vertex programs: yes
16:39:13:  * Number of floating-point constants for vertex programs: 256
16:39:13:  * Number of integer constants for vertex programs: 0
16:39:13:  * Number of boolean constants for vertex programs: 0
16:39:13:  * Fragment programs: yes
16:39:13:  * Number of floating-point constants for fragment programs: 256
16:39:13:  * Number of integer constants for fragment programs: 0
16:39:13:  * Number of boolean constants for fragment programs: 0
16:39:13:  * Geometry programs: yes
16:39:13:  * Number of floating-point constants for geometry programs: 16384
16:39:13:  * Number of integer constants for geometry programs: 0
16:39:13:  * Number of boolean constants for geometry programs: 0
16:39:13:  * Supported Shader Profiles: arbfp1 arbvp1 glsl gp4gp gpu_gp nvgp4 ps_1_1 ps_1_2 ps_1_3 ps_1_4
16:39:13:  * Texture Compression: yes
16:39:13:    - DXT: yes
16:39:13:    - VTC: no
16:39:13:    - PVRTC: no
16:39:13:  * Scissor Rectangle: yes
16:39:13:  * Hardware Occlusion Query: yes
16:39:13:  * User clip planes: yes
16:39:13:  * VET_UBYTE4 vertex element type: yes
16:39:13:  * Infinite far plane projection: yes
16:39:13:  * Hardware render-to-texture: yes
16:39:13:  * Floating point textures: yes
16:39:13:  * Non-power-of-two textures: yes
16:39:13:  * Volume textures: yes
16:39:13:  * Multiple Render Targets: 8
16:39:13:    - With different bit depths: yes
16:39:13:  * Point Sprites: yes
16:39:13:  * Extended point parameters: yes
16:39:13:  * Max Point Size: 8192
16:39:13:  * Vertex texture fetch: yes
16:39:13:  * Number of world matrices: 0
16:39:13:  * Number of texture units: 16
16:39:13:  * Stencil buffer depth: 8
16:39:13:  * Number of vertex blend matrices: 0
16:39:13:    - Max vertex textures: 16
16:39:13:    - Vertex textures shared: yes
16:39:13:  * Render to Vertex Buffer : no
16:39:13:  * GL 1.5 without VBO workaround: no
16:39:13:  * Frame Buffer objects: yes
16:39:13:  * Frame Buffer objects (ARB extension): no
16:39:13:  * Frame Buffer objects (ATI extension): no
16:39:13:  * PBuffer support: yes
16:39:13:  * GL 1.5 without HW-occlusion workaround: no
16:39:13:  * Separate shader objects: no
16:39:13: DefaultWorkQueue('Root') initialising on thread main.
16:39:13: Particle Renderer Type 'billboard' registered
16:39:13: Creating resource group Shaders
16:39:13: Added resource location './assets/materials' of type 'FileSystem' to resource group 'Shaders'
16:39:13: Added resource location 'C:\Users\rowanh\AppData\Local\AiGameDev.com\The AI Sandbox\CaptureTheFlag-sdk\assets/materials' of type 'FileSystem' to resource group 'Shaders'
16:39:13: Added resource location 'C:\Users\rowanh\AppData\Local\AiGameDev.com\The AI Sandbox\CaptureTheFlag-sdk\assets/materials.pak' of type 'Zip' to resource group 'Shaders'
16:39:13: Initialising resource group Shaders
16:39:13: Parsing scripts for resource group Shaders
16:39:13: Parsing script blocks.program
16:39:13: Parsing script color.program
16:39:13: Parsing script floor.program
16:39:13: Parsing script background.material
16:39:13: Parsing script blocks.material
16:39:13: Parsing script body.material
16:39:13: Parsing script color.material
16:39:13: Parsing script console.material
16:39:13: Parsing script faces.material
16:39:13: Parsing script floor.material
16:39:13: Parsing script mouse.material
16:39:13: Parsing script pixel.material
16:39:13: Parsing script plane.material
16:39:13: Parsing script ragdoll.material
16:39:13: Parsing script splosion.material
16:39:13: Parsing script vector.material
16:39:13: Parsing script visualization.material
16:39:13: Finished parsing scripts for resource group Shaders
16:39:13: Creating resources for group Shaders
16:39:13: All done
16:39:13: Creating resource group Particles
16:39:13: Added resource location 'C:\Users\rowanh\AppData\Local\AiGameDev.com\The AI Sandbox\CaptureTheFlag-sdk\assets/particles' of type 'FileSystem' to resource group 'Particles'
16:39:13: Added resource location './assets/particles' of type 'FileSystem' to resource group 'Particles'
16:39:13: Added resource location 'C:\Users\rowanh\AppData\Local\AiGameDev.com\The AI Sandbox\CaptureTheFlag-sdk\assets/particles.pak' of type 'Zip' to resource group 'Particles'
16:39:13: Initialising resource group Particles
16:39:13: Parsing scripts for resource group Particles
16:39:13: Parsing script splosion.particle
16:39:13: Finished parsing scripts for resource group Particles
16:39:13: Creating resources for group Particles
16:39:13: All done
16:39:13: OverlayElementFactory for type UIPanel registered.
16:39:13: OverlayElementFactory for type UILabel registered.
16:39:13: Added resource location './assets/themes/western' of type 'FileSystem' to resource group 'General'
16:39:13: Added resource location 'C:\Users\rowanh\AppData\Local\AiGameDev.com\The AI Sandbox\CaptureTheFlag-sdk\assets/themes/western' of type 'FileSystem' to resource group 'General'
16:39:13: Added resource location 'C:\Users\rowanh\AppData\Local\AiGameDev.com\The AI Sandbox\CaptureTheFlag-sdk\assets/western.pak' of type 'Zip' to resource group 'General'
16:39:16: Skeleton: Loading body.skeleton
16:39:16: Texture: block_x4.png: Loading 1 faces(PF_R8G8B8,512x512x1) with 9 hardware generated mipmaps from Image. Internal format is PF_X8R8G8B8,512x512x1.
16:39:16: Texture: block_4m.png: Loading 1 faces(PF_A8R8G8B8,256x256x1) with 8 hardware generated mipmaps from Image. Internal format is PF_A8R8G8B8,256x256x1.
16:39:16: Texture: block_x1.png: Loading 1 faces(PF_R8G8B8,512x512x1) with 9 hardware generated mipmaps from Image. Internal format is PF_X8R8G8B8,512x512x1.
16:39:16: Texture: block_1m.png: Loading 1 faces(PF_A8R8G8B8,256x256x1) with 8 hardware generated mipmaps from Image. Internal format is PF_A8R8G8B8,256x256x1.
16:39:16: Texture: block_x2.png: Loading 1 faces(PF_A8R8G8B8,512x512x1) with 9 hardware generated mipmaps from Image. Internal format is PF_A8R8G8B8,512x512x1.
16:39:16: Texture: block_2m.png: Loading 1 faces(PF_A8R8G8B8,256x256x1) with 8 hardware generated mipmaps from Image. Internal format is PF_A8R8G8B8,256x256x1.
16:39:16: Texture: slashes_thin.png: Loading 1 faces(PF_A8R8G8B8,16x16x1) with 4 hardware generated mipmaps from Image. Internal format is PF_A8R8G8B8,16x16x1.
16:39:16: Creating resource group Overlay
16:39:16: Added resource location './assets/overlay/' of type 'FileSystem' to resource group 'Overlay'
16:39:16: Added resource location 'C:\Users\rowanh\AppData\Local\AiGameDev.com\The AI Sandbox\CaptureTheFlag-sdk\assets/overlay/' of type 'FileSystem' to resource group 'Overlay'
16:39:16: Initialising resource group Overlay
16:39:16: Parsing scripts for resource group Overlay
16:39:16: Finished parsing scripts for resource group Overlay
16:39:16: Creating resources for group Overlay
16:39:16: All done
16:39:16: Loaded font face Delicious Roman (from C:\Users\rowanh\AppData\Local\AiGameDev.com\The AI Sandbox\CaptureTheFlag-sdk\assets/fonts/Delicious-Roman.otf).
16:39:16: Loaded font face Delicious Bold (from C:\Users\rowanh\AppData\Local\AiGameDev.com\The AI Sandbox\CaptureTheFlag-sdk\assets/fonts/Delicious-Bold.otf).
16:39:16: Loaded font face Delicious Italic (from C:\Users\rowanh\AppData\Local\AiGameDev.com\The AI Sandbox\CaptureTheFlag-sdk\assets/fonts/Delicious-Italic.otf).
16:39:16: Loaded font face Delicious Bold Italic (from C:\Users\rowanh\AppData\Local\AiGameDev.com\The AI Sandbox\CaptureTheFlag-sdk\assets/fonts/Delicious-BoldItalic.otf).
16:39:16: Loaded font face Droid Sans Regular (from C:\Users\rowanh\AppData\Local\AiGameDev.com\The AI Sandbox\CaptureTheFlag-sdk\assets/fonts/DroidSans.ttf).
16:39:16: Loaded font face Droid Sans Bold (from C:\Users\rowanh\AppData\Local\AiGameDev.com\The AI Sandbox\CaptureTheFlag-sdk\assets/fonts/DroidSans-Bold.ttf).
16:39:16: Unable to open file ./assets/overlay/ctf-sidebar.rml.
16:39:16: OGRE EXCEPTION(6:FileNotFoundException): Cannot locate resource invader.tga in resource group Overlay or any other group. in ResourceGroupManager::openResource at C:\Users\alexjc\Development\ogre_src_v1-8-0\OgreMain\src\OgreResourceGroupManager.cpp (line 756)
16:39:16: OGRE EXCEPTION(6:FileNotFoundException): Cannot locate resource placeholder.jpg in resource group General or any other group. in ResourceGroupManager::openResource at C:\Users\alexjc\Development\ogre_src_v1-8-0\OgreMain\src\OgreResourceGroupManager.cpp (line 756)
16:39:16: Failed to load texture from C:/Users/rowanh/AppData/Local/AiGameDev.com/The AI Sandbox/CaptureTheFlag-sdk/assets/overlay/invader.tga.
16:39:16: Unable to open file ./assets/overlay/ctf-splash-screen.rml.
16:39:16: OGRE EXCEPTION(6:FileNotFoundException): Cannot locate resource logo_white.png in resource group Overlay or any other group. in ResourceGroupManager::openResource at C:\Users\alexjc\Development\ogre_src_v1-8-0\OgreMain\src\OgreResourceGroupManager.cpp (line 756)
16:39:16: OGRE EXCEPTION(6:FileNotFoundException): Cannot locate resource placeholder.jpg in resource group General or any other group. in ResourceGroupManager::openResource at C:\Users\alexjc\Development\ogre_src_v1-8-0\OgreMain\src\OgreResourceGroupManager.cpp (line 756)
16:39:16: Failed to load texture from C:/Users/rowanh/AppData/Local/AiGameDev.com/The AI Sandbox/CaptureTheFlag-sdk/assets/logo_white.png.
16:39:16: Unable to open file ./assets/overlay/ctf-help-screen.rml.
16:39:16: Texture: zone_blue.png: Loading 1 faces(PF_A8R8G8B8,64x64x1) with 6 hardware generated mipmaps from Image. Internal format is PF_A8R8G8B8,64x64x1.
16:39:16: Texture: pixel_box.png: Loading 1 faces(PF_A8R8G8B8,12x12x1) with 3 hardware generated mipmaps from Image. Internal format is PF_A8R8G8B8,12x12x1.
16:39:16: Skeleton: Loading character.skeleton
16:39:16: Mesh: Loading body.mesh.
16:39:16: Texture: zone_red.png: Loading 1 faces(PF_A8R8G8B8,64x64x1) with 6 hardware generated mipmaps from Image. Internal format is PF_A8R8G8B8,64x64x1.
16:39:16: Font Title using texture size 1024x512
16:39:16: Info: Freetype returned null for character 160 in font Title
16:39:16: Texture: TitleTexture: Loading 1 faces(PF_BYTE_LA,1024x512x1) Internal format is PF_BYTE_LA,1024x512x1.
16:39:16: Font ConsoleBold using texture size 512x256
16:39:16: Info: Freetype returned null for character 127 in font ConsoleBold
16:39:16: Info: Freetype returned null for character 128 in font ConsoleBold
16:39:16: Info: Freetype returned null for character 129 in font ConsoleBold
16:39:16: Info: Freetype returned null for character 130 in font ConsoleBold
16:39:16: Info: Freetype returned null for character 131 in font ConsoleBold
16:39:16: Info: Freetype returned null for character 132 in font ConsoleBold
16:39:16: Info: Freetype returned null for character 133 in font ConsoleBold
16:39:16: Info: Freetype returned null for character 134 in font ConsoleBold
16:39:16: Info: Freetype returned null for character 135 in font ConsoleBold
16:39:16: Info: Freetype returned null for character 136 in font ConsoleBold
16:39:16: Info: Freetype returned null for character 137 in font ConsoleBold
16:39:16: Info: Freetype returned null for character 138 in font ConsoleBold
16:39:16: Info: Freetype returned null for character 139 in font ConsoleBold
16:39:16: Info: Freetype returned null for character 140 in font ConsoleBold
16:39:16: Info: Freetype returned null for character 141 in font ConsoleBold
16:39:16: Info: Freetype returned null for character 143 in font ConsoleBold
16:39:16: Info: Freetype returned null for character 144 in font ConsoleBold
16:39:16: Info: Freetype returned null for character 145 in font ConsoleBold
16:39:16: Info: Freetype returned null for character 146 in font ConsoleBold
16:39:16: Info: Freetype returned null for character 147 in font ConsoleBold
16:39:16: Info: Freetype returned null for character 148 in font ConsoleBold
16:39:16: Info: Freetype returned null for character 149 in font ConsoleBold
16:39:16: Info: Freetype returned null for character 150 in font ConsoleBold
16:39:16: Info: Freetype returned null for character 151 in font ConsoleBold
16:39:16: Info: Freetype returned null for character 152 in font ConsoleBold
16:39:16: Info: Freetype returned null for character 153 in font ConsoleBold
16:39:16: Info: Freetype returned null for character 154 in font ConsoleBold
16:39:16: Info: Freetype returned null for character 155 in font ConsoleBold
16:39:16: Info: Freetype returned null for character 156 in font ConsoleBold
16:39:16: Info: Freetype returned null for character 157 in font ConsoleBold
16:39:16: Info: Freetype returned null for character 159 in font ConsoleBold
16:39:16: Info: Freetype returned null for character 160 in font ConsoleBold
16:39:16: Texture: ConsoleBoldTexture: Loading 1 faces(PF_BYTE_LA,512x256x1) Internal format is PF_BYTE_LA,512x256x1.
16:39:16: Mesh: Loading flag.mesh.
16:39:16: Can't assign material _missing_material_ to SubEntity of Mesh2130709565 because this Material does not exist. Have you forgotten to define it in a .material script?
16:39:16: Can't assign material _missing_material_ to SubEntity of Mesh2130709694 because this Material does not exist. Have you forgotten to define it in a .material script?
16:39:16: Texture: floor.png: Loading 1 faces(PF_R8G8B8,256x256x1) with 8 hardware generated mipmaps from Image. Internal format is PF_X8R8G8B8,256x256x1.
16:39:16: Texture: base.png: Loading 1 faces(PF_R8G8B8,256x256x1) with 8 hardware generated mipmaps from Image. Internal format is PF_X8R8G8B8,256x256x1.
16:39:16: Texture: pattern.png: Loading 1 faces(PF_A8R8G8B8,256x256x1) with 8 hardware generated mipmaps from Image. Internal format is PF_A8R8G8B8,256x256x1.
16:39:16: GLSL compiled: Fragment shader was successfully compiled to run on hardware.

16:39:16:  Fragment Program:Floor_PS_glsl GLSL link result : Validation warning! - Sampler value base has not been set.
Validation successful.

16:39:16: GLSL compiled: Fragment shader was successfully compiled to run on hardware.

16:39:16:  Fragment Program:Block_PS_glsl GLSL link result : Validation warning! - Sampler value tex has not been set.
Validation successful.

16:39:16: GLSL compiled: Vertex shader was successfully compiled to run on hardware.

16:39:16: GLSL compiled: Fragment shader was successfully compiled to run on hardware.

16:39:16: Vertex Program:CustomColor_VS_glsl Fragment Program:CustomColor_PS_glsl GLSL link result : Validation successful.

16:39:16: GLSL compiled: Vertex shader was successfully compiled to run on hardware.

16:39:16: GLSL compiled: Fragment shader was successfully compiled to run on hardware.

16:39:16: Vertex Program:Body_VS_glsl Fragment Program:Body_PS_glsl GLSL link result : Validation successful.

16:39:28: Texture: pixel.png: Loading 1 faces(PF_A8R8G8B8,7x7x1) with 2 hardware generated mipmaps from Image. Internal format is PF_A8R8G8B8,7x7x1.
16:42:17: Can't assign material _missing_material_ to SubEntity of Mesh2130710052 because this Material does not exist. Have you forgotten to define it in a .material script?
16:42:17: Can't assign material _missing_material_ to SubEntity of Mesh2130710181 because this Material does not exist. Have you forgotten to define it in a .material script?
